2020-12-08 22:51:34 - ERROR - QueryException in /home/cothan/Work/2020/fall/isa681/chinese-chess2/app/http/controllers/auth/RegisterController.py on line 64
2020-12-08 23:18:26 - ERROR - ContainerError in /home/cothan/Work/2020/fall/isa681/chinese-chess2/bootstrap/start.py on line 38
2020-12-08 23:20:57 - ERROR - AttributeError in /home/cothan/Work/2020/fall/isa681/chinese-chess2/app/http/controllers/GameController.py on line 30
2020-12-08 23:24:53 - ERROR - QueryException in /home/cothan/Work/2020/fall/isa681/chinese-chess2/app/http/controllers/GameController.py on line 57
2020-12-08 23:27:02 - ERROR - QueryException in /home/cothan/Work/2020/fall/isa681/chinese-chess2/app/http/controllers/GameController.py on line 57
2020-12-08 23:28:52 - ERROR - QueryException in /home/cothan/Work/2020/fall/isa681/chinese-chess2/app/http/controllers/GameController.py on line 59
2020-12-08 23:29:40 - ERROR - QueryException in /home/cothan/Work/2020/fall/isa681/chinese-chess2/app/http/controllers/GameController.py on line 59
2020-12-08 23:40:25 - ERROR - AttributeError in /home/cothan/Work/2020/fall/isa681/chinese-chess2/app/http/controllers/GameController.py on line 38
2020-12-08 23:42:05 - ERROR - AttributeError in /home/cothan/Work/2020/fall/isa681/chinese-chess2/app/http/controllers/GameController.py on line 38
2020-12-08 23:42:38 - ERROR - AttributeError in /home/cothan/Work/2020/fall/isa681/chinese-chess2/app/http/controllers/GameController.py on line 44
2020-12-08 23:42:45 - ERROR - AttributeError in /home/cothan/Work/2020/fall/isa681/chinese-chess2/app/http/controllers/GameController.py on line 44
2020-12-08 23:42:56 - ERROR - AttributeError in /home/cothan/Work/2020/fall/isa681/chinese-chess2/app/http/controllers/GameController.py on line 44
2020-12-08 23:43:18 - ERROR - ContainerError in /home/cothan/Work/2020/fall/isa681/chinese-chess2/bootstrap/start.py on line 38
2020-12-08 23:43:25 - ERROR - ContainerError in /home/cothan/Work/2020/fall/isa681/chinese-chess2/bootstrap/start.py on line 38
2020-12-08 23:45:04 - ERROR - QueryException in /home/cothan/Work/2020/fall/isa681/chinese-chess2/app/http/controllers/GameController.py on line 54
2020-12-08 23:46:37 - ERROR - ContainerError in /home/cothan/Work/2020/fall/isa681/chinese-chess2/bootstrap/start.py on line 38
2020-12-08 23:49:33 - ERROR - ContainerError in /home/cothan/Work/2020/fall/isa681/chinese-chess2/bootstrap/start.py on line 38
2020-12-08 23:49:35 - ERROR - ContainerError in /home/cothan/Work/2020/fall/isa681/chinese-chess2/bootstrap/start.py on line 38
2020-12-08 23:49:36 - ERROR - ContainerError in /home/cothan/Work/2020/fall/isa681/chinese-chess2/bootstrap/start.py on line 38
2020-12-08 23:51:53 - ERROR - AttributeError in /home/cothan/Work/2020/fall/isa681/chinese-chess2/app/http/controllers/GameController.py on line 41
2020-12-08 23:55:36 - ERROR - ContainerError in /home/cothan/Work/2020/fall/isa681/chinese-chess2/bootstrap/start.py on line 38
2020-12-08 23:56:16 - ERROR - ContainerError in /home/cothan/Work/2020/fall/isa681/chinese-chess2/bootstrap/start.py on line 38
2020-12-08 23:57:03 - ERROR - ContainerError in /home/cothan/Work/2020/fall/isa681/chinese-chess2/bootstrap/start.py on line 38
2020-12-08 23:58:23 - ERROR - ContainerError in /home/cothan/Work/2020/fall/isa681/chinese-chess2/bootstrap/start.py on line 38
2020-12-08 23:58:50 - ERROR - ContainerError in /home/cothan/Work/2020/fall/isa681/chinese-chess2/bootstrap/start.py on line 38
2020-12-08 23:59:58 - ERROR - ContainerError in /home/cothan/Work/2020/fall/isa681/chinese-chess2/bootstrap/start.py on line 38
2020-12-09 00:01:13 - ERROR - TemplateSyntaxError in /home/cothan/Work/2020/fall/isa681/chinese-chess2/resources/templates/chess.html on line 5
2020-12-09 00:04:10 - ERROR - AttributeError in /home/cothan/Work/2020/fall/isa681/chinese-chess2/app/http/controllers/ChessController.py on line 37
2020-12-09 00:06:07 - ERROR - ContainerError in /home/cothan/Work/2020/fall/isa681/chinese-chess2/bootstrap/start.py on line 38
2020-12-09 00:06:30 - ERROR - ContainerError in /home/cothan/Work/2020/fall/isa681/chinese-chess2/bootstrap/start.py on line 38
